{"uuid":"c5f04ff5-3b56-4f05-8ae7-9f9f898aded7","historyId":"bc263939dde4938857abd723e0ad72cb","fullName":"testCases.TC001.test1","labels":[{"name":"package","value":"testCases.TC001"},{"name":"testClass","value":"testCases.TC001"},{"name":"testMethod","value":"test1"},{"name":"parentSuite","value":"Default Suite"},{"name":"suite","value":"PlayWright"},{"name":"subSuite","value":"testCases.TC001"},{"name":"host","value":"Shrinivass-MacBook-Pro.local"},{"name":"thread","value":"39224@Shrinivass-MacBook-Pro.local.main(1)"},{"name":"framework","value":"testng"},{"name":"language","value":"java"}],"links":[],"name":"test1","status":"broken","statusDetails":{"known":false,"muted":false,"flaky":false,"message":"Error {\n  message='DOMException: Failed to execute 'evaluate' on 'Document': The string '//a[]' is not a valid XPath expression.\n    at Object.queryAll (<anonymous>:41:25)\n    at InjectedScript._queryEngineAll (<anonymous>:4949:49)\n    at InjectedScript.querySelectorAll (<anonymous>:4936:30)\n    at eval (eval at evaluate (:226:30), <anonymous>:4:35)\n    at UtilityScript.evaluate (<anonymous>:228:17)\n    at UtilityScript.<anonymous> (<anonymous>:1:44)\n  name='Error\n  stack='Error: DOMException: Failed to execute 'evaluate' on 'Document': The string '//a[]' is not a valid XPath expression.\n    at Object.queryAll (<anonymous>:41:25)\n    at InjectedScript._queryEngineAll (<anonymous>:4949:49)\n    at InjectedScript.querySelectorAll (<anonymous>:4936:30)\n    at eval (eval at evaluate (:226:30), <anonymous>:4:35)\n    at UtilityScript.evaluate (<anonymous>:228:17)\n    at UtilityScript.<anonymous> (<anonymous>:1:44)\n    at CRExecutionContext.evaluateWithArguments (/private/var/folders/w5/1m1b544j3ylg9tmg1qxd34940000gn/T/playwright-java-13214447952502651169/package/lib/server/chromium/crExecutionContext.js:92:33)\n    at async LongStandingScope._race (/private/var/folders/w5/1m1b544j3ylg9tmg1qxd34940000gn/T/playwright-java-13214447952502651169/package/lib/utils/manualPromise.js:96:14)\n    at async evaluateExpression (/private/var/folders/w5/1m1b544j3ylg9tmg1qxd34940000gn/T/playwright-java-13214447952502651169/package/lib/server/javascript.js:241:12)\n    at async /private/var/folders/w5/1m1b544j3ylg9tmg1qxd34940000gn/T/playwright-java-13214447952502651169/package/lib/server/frames.js:947:22\n    at async Frame.retryWithProgressAndTimeouts (/private/var/folders/w5/1m1b544j3ylg9tmg1qxd34940000gn/T/playwright-java-13214447952502651169/package/lib/server/frames.js:917:24)\n    at async /private/var/folders/w5/1m1b544j3ylg9tmg1qxd34940000gn/T/playwright-java-13214447952502651169/package/lib/server/frames.js:1002:29\n    at async ProgressController.run (/private/var/folders/w5/1m1b544j3ylg9tmg1qxd34940000gn/T/playwright-java-13214447952502651169/package/lib/server/progress.js:82:22)\n    at async FrameDispatcher.click (/private/var/folders/w5/1m1b544j3ylg9tmg1qxd34940000gn/T/playwright-java-13214447952502651169/package/lib/server/dispatchers/frameDispatcher.js:158:12)\n    at async LongStandingScope._race (/private/var/folders/w5/1m1b544j3ylg9tmg1qxd34940000gn/T/playwright-java-13214447952502651169/package/lib/utils/manualPromise.js:96:14)\n    at async FrameDispatcher._handleCommand (/private/var/folders/w5/1m1b544j3ylg9tmg1qxd34940000gn/T/playwright-java-13214447952502651169/package/lib/server/dispatchers/dispatcher.js:96:14)\n}\nCall log:\n- waiting for locator(\"//a[]\")\n","trace":"com.microsoft.playwright.PlaywrightException: Error {\n  message='DOMException: Failed to execute 'evaluate' on 'Document': The string '//a[]' is not a valid XPath expression.\n    at Object.queryAll (<anonymous>:41:25)\n    at InjectedScript._queryEngineAll (<anonymous>:4949:49)\n    at InjectedScript.querySelectorAll (<anonymous>:4936:30)\n    at eval (eval at evaluate (:226:30), <anonymous>:4:35)\n    at UtilityScript.evaluate (<anonymous>:228:17)\n    at UtilityScript.<anonymous> (<anonymous>:1:44)\n  name='Error\n  stack='Error: DOMException: Failed to execute 'evaluate' on 'Document': The string '//a[]' is not a valid XPath expression.\n    at Object.queryAll (<anonymous>:41:25)\n    at InjectedScript._queryEngineAll (<anonymous>:4949:49)\n    at InjectedScript.querySelectorAll (<anonymous>:4936:30)\n    at eval (eval at evaluate (:226:30), <anonymous>:4:35)\n    at UtilityScript.evaluate (<anonymous>:228:17)\n    at UtilityScript.<anonymous> (<anonymous>:1:44)\n    at CRExecutionContext.evaluateWithArguments (/private/var/folders/w5/1m1b544j3ylg9tmg1qxd34940000gn/T/playwright-java-13214447952502651169/package/lib/server/chromium/crExecutionContext.js:92:33)\n    at async LongStandingScope._race (/private/var/folders/w5/1m1b544j3ylg9tmg1qxd34940000gn/T/playwright-java-13214447952502651169/package/lib/utils/manualPromise.js:96:14)\n    at async evaluateExpression (/private/var/folders/w5/1m1b544j3ylg9tmg1qxd34940000gn/T/playwright-java-13214447952502651169/package/lib/server/javascript.js:241:12)\n    at async /private/var/folders/w5/1m1b544j3ylg9tmg1qxd34940000gn/T/playwright-java-13214447952502651169/package/lib/server/frames.js:947:22\n    at async Frame.retryWithProgressAndTimeouts (/private/var/folders/w5/1m1b544j3ylg9tmg1qxd34940000gn/T/playwright-java-13214447952502651169/package/lib/server/frames.js:917:24)\n    at async /private/var/folders/w5/1m1b544j3ylg9tmg1qxd34940000gn/T/playwright-java-13214447952502651169/package/lib/server/frames.js:1002:29\n    at async ProgressController.run (/private/var/folders/w5/1m1b544j3ylg9tmg1qxd34940000gn/T/playwright-java-13214447952502651169/package/lib/server/progress.js:82:22)\n    at async FrameDispatcher.click (/private/var/folders/w5/1m1b544j3ylg9tmg1qxd34940000gn/T/playwright-java-13214447952502651169/package/lib/server/dispatchers/frameDispatcher.js:158:12)\n    at async LongStandingScope._race (/private/var/folders/w5/1m1b544j3ylg9tmg1qxd34940000gn/T/playwright-java-13214447952502651169/package/lib/utils/manualPromise.js:96:14)\n    at async FrameDispatcher._handleCommand (/private/var/folders/w5/1m1b544j3ylg9tmg1qxd34940000gn/T/playwright-java-13214447952502651169/package/lib/server/dispatchers/dispatcher.js:96:14)\n}\nCall log:\n- waiting for locator(\"//a[]\")\n\n\tat com.microsoft.playwright.impl.WaitableResult.get(WaitableResult.java:56)\n\tat com.microsoft.playwright.impl.ChannelOwner.runUntil(ChannelOwner.java:120)\n\tat com.microsoft.playwright.impl.Connection.sendMessage(Connection.java:130)\n\tat com.microsoft.playwright.impl.ChannelOwner.sendMessage(ChannelOwner.java:106)\n\tat com.microsoft.playwright.impl.FrameImpl.clickImpl(FrameImpl.java:252)\n\tat com.microsoft.playwright.impl.FrameImpl.lambda$click$8(FrameImpl.java:243)\n\tat com.microsoft.playwright.impl.LoggingSupport.lambda$withLogging$0(LoggingSupport.java:36)\n\tat com.microsoft.playwright.impl.LoggingSupport.withLogging(LoggingSupport.java:47)\n\tat com.microsoft.playwright.impl.ChannelOwner.withLogging(ChannelOwner.java:89)\n\tat com.microsoft.playwright.impl.LoggingSupport.withLogging(LoggingSupport.java:35)\n\tat com.microsoft.playwright.impl.FrameImpl.click(FrameImpl.java:243)\n\tat com.microsoft.playwright.impl.LocatorImpl.click(LocatorImpl.java:160)\n\tat com.microsoft.playwright.Locator.click(Locator.java:2460)\n\tat testCases.TC001.test1(TC001.java:33)\n\tat java.base/jdk.internal.reflect.DirectMethodHandleAccessor.invoke(DirectMethodHandleAccessor.java:104)\n\tat java.base/java.lang.reflect.Method.invoke(Method.java:578)\n\tat org.testng.internal.MethodInvocationHelper.invokeMethod(MethodInvocationHelper.java:133)\n\tat org.testng.internal.TestInvoker.invokeMethod(TestInvoker.java:598)\n\tat org.testng.internal.TestInvoker.invokeTestMethod(TestInvoker.java:173)\n\tat org.testng.internal.MethodRunner.runInSequence(MethodRunner.java:46)\n\tat org.testng.internal.TestInvoker$MethodInvocationAgent.invoke(TestInvoker.java:824)\n\tat org.testng.internal.TestInvoker.invokeTestMethods(TestInvoker.java:146)\n\tat org.testng.internal.TestMethodWorker.invokeTestMethods(TestMethodWorker.java:146)\n\tat org.testng.internal.TestMethodWorker.run(TestMethodWorker.java:128)\n\tat java.base/java.util.ArrayList.forEach(ArrayList.java:1511)\n\tat org.testng.TestRunner.privateRun(TestRunner.java:794)\n\tat org.testng.TestRunner.run(TestRunner.java:596)\n\tat org.testng.SuiteRunner.runTest(SuiteRunner.java:377)\n\tat org.testng.SuiteRunner.runSequentially(SuiteRunner.java:371)\n\tat org.testng.SuiteRunner.privateRun(SuiteRunner.java:332)\n\tat org.testng.SuiteRunner.run(SuiteRunner.java:276)\n\tat org.testng.SuiteRunnerWorker.runSuite(SuiteRunnerWorker.java:53)\n\tat org.testng.SuiteRunnerWorker.run(SuiteRunnerWorker.java:96)\n\tat org.testng.TestNG.runSuitesSequentially(TestNG.java:1212)\n\tat org.testng.TestNG.runSuitesLocally(TestNG.java:1134)\n\tat org.testng.TestNG.runSuites(TestNG.java:1063)\n\tat org.testng.TestNG.run(TestNG.java:1031)\n\tat com.intellij.rt.testng.IDEARemoteTestNG.run(IDEARemoteTestNG.java:66)\n\tat com.intellij.rt.testng.RemoteTestNGStarter.main(RemoteTestNGStarter.java:109)\nCaused by: com.microsoft.playwright.impl.DriverException: Error {\n  message='DOMException: Failed to execute 'evaluate' on 'Document': The string '//a[]' is not a valid XPath expression.\n    at Object.queryAll (<anonymous>:41:25)\n    at InjectedScript._queryEngineAll (<anonymous>:4949:49)\n    at InjectedScript.querySelectorAll (<anonymous>:4936:30)\n    at eval (eval at evaluate (:226:30), <anonymous>:4:35)\n    at UtilityScript.evaluate (<anonymous>:228:17)\n    at UtilityScript.<anonymous> (<anonymous>:1:44)\n  name='Error\n  stack='Error: DOMException: Failed to execute 'evaluate' on 'Document': The string '//a[]' is not a valid XPath expression.\n    at Object.queryAll (<anonymous>:41:25)\n    at InjectedScript._queryEngineAll (<anonymous>:4949:49)\n    at InjectedScript.querySelectorAll (<anonymous>:4936:30)\n    at eval (eval at evaluate (:226:30), <anonymous>:4:35)\n    at UtilityScript.evaluate (<anonymous>:228:17)\n    at UtilityScript.<anonymous> (<anonymous>:1:44)\n    at CRExecutionContext.evaluateWithArguments (/private/var/folders/w5/1m1b544j3ylg9tmg1qxd34940000gn/T/playwright-java-13214447952502651169/package/lib/server/chromium/crExecutionContext.js:92:33)\n    at async LongStandingScope._race (/private/var/folders/w5/1m1b544j3ylg9tmg1qxd34940000gn/T/playwright-java-13214447952502651169/package/lib/utils/manualPromise.js:96:14)\n    at async evaluateExpression (/private/var/folders/w5/1m1b544j3ylg9tmg1qxd34940000gn/T/playwright-java-13214447952502651169/package/lib/server/javascript.js:241:12)\n    at async /private/var/folders/w5/1m1b544j3ylg9tmg1qxd34940000gn/T/playwright-java-13214447952502651169/package/lib/server/frames.js:947:22\n    at async Frame.retryWithProgressAndTimeouts (/private/var/folders/w5/1m1b544j3ylg9tmg1qxd34940000gn/T/playwright-java-13214447952502651169/package/lib/server/frames.js:917:24)\n    at async /private/var/folders/w5/1m1b544j3ylg9tmg1qxd34940000gn/T/playwright-java-13214447952502651169/package/lib/server/frames.js:1002:29\n    at async ProgressController.run (/private/var/folders/w5/1m1b544j3ylg9tmg1qxd34940000gn/T/playwright-java-13214447952502651169/package/lib/server/progress.js:82:22)\n    at async FrameDispatcher.click (/private/var/folders/w5/1m1b544j3ylg9tmg1qxd34940000gn/T/playwright-java-13214447952502651169/package/lib/server/dispatchers/frameDispatcher.js:158:12)\n    at async LongStandingScope._race (/private/var/folders/w5/1m1b544j3ylg9tmg1qxd34940000gn/T/playwright-java-13214447952502651169/package/lib/utils/manualPromise.js:96:14)\n    at async FrameDispatcher._handleCommand (/private/var/folders/w5/1m1b544j3ylg9tmg1qxd34940000gn/T/playwright-java-13214447952502651169/package/lib/server/dispatchers/dispatcher.js:96:14)\n}\nCall log:\n- waiting for locator(\"//a[]\")\n\n\tat com.microsoft.playwright.impl.Connection.dispatch(Connection.java:259)\n\tat com.microsoft.playwright.impl.Connection.processOneMessage(Connection.java:211)\n\tat com.microsoft.playwright.impl.ChannelOwner.runUntil(ChannelOwner.java:118)\n\t... 37 more\n"},"stage":"finished","steps":[],"attachments":[{"name":"Screenshot 2024.10.07.10.07.27","source":"561f369d-f6fc-4099-b2ca-22c710a466ef-attachment"}],"parameters":[],"start":1728275847800,"stop":1728275847907}